<?xml version="1.0" encoding="UTF-8"?>
<!-- Generated by org.testng.reporters.JUnitXMLReporter -->
<testsuite hostname="vikas_195" ignored="2" name="Test" tests="2" failures="0" timestamp="04 Jul 2019 17:45:14 GMT" time="20.792" errors="0">
  <testcase name="validateNewTask" time="4.052" classname="com.ActiTime.TestScripts.ValidateCreateNewTaskTest"/>
  <testcase name="createNewCustomer" time="3.922" classname="com.ActiTime.TestScripts.CreateNewUserTest"/>
  <testcase name="@AfterSuite closeSuit" time="0.0" classname="com.ActiTime.GenericLib.BaseClass">
    <ignored/>
  </testcase> <!-- @AfterSuite closeSuit -->
  <testcase name="@BeforeSuite databaseRunning" time="0.0" classname="com.ActiTime.GenericLib.BaseClass">
    <ignored/>
  </testcase> <!-- @BeforeSuite databaseRunning -->
</testsuite> <!-- Test -->
